"../../../Engine/Content/Functions/Engine_MaterialFunctions01/Gradient/LinearGradient.uasset" 0
"../../../../../../Users/ceeazy/Documents/Unreal Projects/ProjectOrb/Content/Assets/M_Ribbon.uasset" 1
"../../../../../../Users/ceeazy/Documents/Unreal Projects/ProjectOrb/Content/Assets/PS_Ribbon.uasset" 2
"../../../../../../Users/ceeazy/Documents/Unreal Projects/ProjectOrb/Content/Blueprint/BP_Camera.uasset" 3
"../../../../../../Users/ceeazy/Documents/Unreal Projects/ProjectOrb/Content/Blueprint/BB_EnergyOrb.uasset" 4
"../../../Engine/Content/EditorBlueprintResources/StandardMacros.uasset" 5
"../../../../../../Users/ceeazy/Documents/Unreal Projects/ProjectOrb/Content/Blueprint/BTT_GetPlayerLocation.uasset" 6
"../../../../../../Users/ceeazy/Documents/Unreal Projects/ProjectOrb/Content/Blueprint/BT_EnergyOrb.uasset" 7
"../../../../../../Users/ceeazy/Documents/Unreal Projects/ProjectOrb/Content/Blueprint/BP_CamShake.uasset" 8
"../../../../../../Users/ceeazy/Documents/Unreal Projects/ProjectOrb/Content/Blueprint/BB_Enemy.uasset" 9
"../../../../../../Users/ceeazy/Documents/Unreal Projects/ProjectOrb/Content/Blueprint/BTS_LookForPlayer.uasset" 10
"../../../../../../Users/ceeazy/Documents/Unreal Projects/ProjectOrb/Content/Blueprint/BTT_GetRandomPoint.uasset" 11
"../../../../../../Users/ceeazy/Documents/Unreal Projects/ProjectOrb/Content/Blueprint/BT_Enemy.uasset" 12
"../../../../../../Users/ceeazy/Documents/Unreal Projects/ProjectOrb/Content/Blueprint/BP_EnemyController.uasset" 13
"../../../Engine/Content/MapTemplates/Materials/BasicAsset01.uasset" 14
"../../../../../../Users/ceeazy/Documents/Unreal Projects/ProjectOrb/Content/Assets/trailTexture.uasset" 15
"../../../../../../Users/ceeazy/Documents/Unreal Projects/ProjectOrb/Content/Assets/M_Trail.uasset" 16
"../../../../../../Users/ceeazy/Documents/Unreal Projects/ProjectOrb/Content/Assets/PS_TrailEnemy.uasset" 17
"../../../../../../Users/ceeazy/Documents/Unreal Projects/ProjectOrb/Content/Blueprint/BP_Enemy.uasset" 18
"../../../../../../Users/ceeazy/Documents/Unreal Projects/ProjectOrb/Content/Blueprint/BP_OrbController.uasset" 19
"../../../../../../Users/ceeazy/Documents/Unreal Projects/ProjectOrb/Content/Assets/PS_Trail.uasset" 20
"../../../../../../Users/ceeazy/Documents/Unreal Projects/ProjectOrb/Content/Assets/SA_Standard.uasset" 21
"../../../../../../Users/ceeazy/Documents/Unreal Projects/ProjectOrb/Content/Assets/SW_Bounce.uasset" 22
"../../../../../../Users/ceeazy/Documents/Unreal Projects/ProjectOrb/Content/Assets/SW_Explosion.uasset" 23
"../../../../../../Users/ceeazy/Documents/Unreal Projects/ProjectOrb/Content/Assets/test_ball_3.uasset" 24
"../../../Engine/Content/Functions/Engine_MaterialFunctions01/Gradient/SphereGradient-2D.uasset" 25
"../../../Engine/Content/Functions/Engine_MaterialFunctions02/Utility/BreakOutFloat2Components.uasset" 26
"../../../Engine/Content/Functions/Engine_MaterialFunctions01/Texturing/ScaleUVsByCenter.uasset" 27
"../../../Engine/Content/EngineMaterials/DefaultDiffuse.uasset" 28
"../../../../../../Users/ceeazy/Documents/Unreal Projects/ProjectOrb/Content/VFX_Toolkit_V1/Mat_Functions/Luos_Mask_Distorter.uasset" 29
"../../../../../../Users/ceeazy/Documents/Unreal Projects/ProjectOrb/Content/VFX_Toolkit_V1/Textures/MergedSprites/T_FlashRing_01.uasset" 30
"../../../../../../Users/ceeazy/Documents/Unreal Projects/ProjectOrb/Content/VFX_Toolkit_V1/Textures/NoiseNormals/T_NoiseNormal_43.uasset" 31
"../../../../../../Users/ceeazy/Documents/Unreal Projects/ProjectOrb/Content/VFX_Toolkit_V1/Materials/356Days/M_FlashRing_01.uasset" 32
"../../../Engine/Content/Functions/Engine_MaterialFunctions01/Opacity/CameraDepthFade.uasset" 33
"../../../Engine/Content/EngineMaterials/T_Default_Material_Grid_M.uasset" 34
"../../../Engine/Content/EngineMaterials/T_Default_Material_Grid_N.uasset" 35
"../../../Engine/Content/EngineMaterials/WorldGridMaterial.uasset" 36
"../../../../../../Users/ceeazy/Documents/Unreal Projects/ProjectOrb/Content/VFX_Toolkit_V1/StaticMeshes/Rings/SM_FlashRing_01.uasset" 37
"../../../../../../Users/ceeazy/Documents/Unreal Projects/ProjectOrb/Content/VFX_Toolkit_V1/ParticleSystems/356Days/Par_FlashRing.uasset" 38
"../../../../../../Users/ceeazy/Documents/Unreal Projects/ProjectOrb/Content/VFX_Toolkit_V1/Mat_Functions/Lu_RadialGradient.uasset" 39
"../../../../../../Users/ceeazy/Documents/Unreal Projects/ProjectOrb/Content/VFX_Toolkit_V1/Materials/Generic/M_Basic_Dots.uasset" 40
"../../../../../../Users/ceeazy/Documents/Unreal Projects/ProjectOrb/Content/VFX_Toolkit_V1/Textures/MergedNoise/T_LParticle_Clouds_Masks_01.uasset" 41
"../../../../../../Users/ceeazy/Documents/Unreal Projects/ProjectOrb/Content/VFX_Toolkit_V1/Textures/MergedSprites/T_SparCore_Masks_01.uasset" 42
"../../../../../../Users/ceeazy/Documents/Unreal Projects/ProjectOrb/Content/VFX_Toolkit_V1/Textures/NoiseNormals/T_NoiseNormal_4.uasset" 43
"../../../../../../Users/ceeazy/Documents/Unreal Projects/ProjectOrb/Content/VFX_Toolkit_V1/Materials/356Days/M_SurfaceSpark_01.uasset" 44
"../../../../../../Users/ceeazy/Documents/Unreal Projects/ProjectOrb/Content/VFX_Toolkit_V1/MatInstances/356Days/MI_SurfaceBeam_01.uasset" 45
"../../../../../../Users/ceeazy/Documents/Unreal Projects/ProjectOrb/Content/VFX_Toolkit_V1/MatInstances/356Days/MI_SurfaceSpark_01.uasset" 46
"../../../../../../Users/ceeazy/Documents/Unreal Projects/ProjectOrb/Content/VFX_Toolkit_V1/MatInstances/356Days/MI_SurfaceSparks_01.uasset" 47
"../../../../../../Users/ceeazy/Documents/Unreal Projects/ProjectOrb/Content/VFX_Toolkit_V1/SkeletalMeshes/Skeletons/SKM_SparCore_core_01_Skeleton.uasset" 48
"../../../../../../Users/ceeazy/Documents/Unreal Projects/ProjectOrb/Content/VFX_Toolkit_V1/SkeletalMeshes/SKM_SparCore_core_01.uasset" 49
"../../../../../../Users/ceeazy/Documents/Unreal Projects/ProjectOrb/Content/VFX_Toolkit_V1/VectorFields/VF_RandomNoise_01_90.uasset" 50
"../../../../../../Users/ceeazy/Documents/Unreal Projects/ProjectOrb/Content/VFX_Toolkit_V1/ParticleSystems/356Days/Par_SparCore_01.uasset" 51
"../../../../../../Users/ceeazy/Documents/Unreal Projects/ProjectOrb/Content/Blueprint/BP_EnergyOrb.uasset" 52
"../../../Engine/Content/BasicShapes/BasicShapeMaterial.uasset" 53
"../../../Engine/Content/MapTemplates/Materials/BasicAsset03.uasset" 54
"../../../../../../Users/ceeazy/Documents/Unreal Projects/ProjectOrb/Content/Assets/cross-02.uasset" 55
"../../../../../../Users/ceeazy/Documents/Unreal Projects/ProjectOrb/Content/Blueprint/WBP_HUD.uasset" 56
"../../../Engine/Content/BasicShapes/Cube.uasset" 57
"../../../../../../Users/ceeazy/Documents/Unreal Projects/ProjectOrb/Content/Assets/SW_Charge.uasset" 58
"../../../../../../Users/ceeazy/Documents/Unreal Projects/ProjectOrb/Content/Assets/SW_Respawn.uasset" 59
"../../../../../../Users/ceeazy/Documents/Unreal Projects/ProjectOrb/Content/Assets/SW_S1.uasset" 60
"../../../../../../Users/ceeazy/Documents/Unreal Projects/ProjectOrb/Content/Assets/SW_S2.uasset" 61
"../../../../../../Users/ceeazy/Documents/Unreal Projects/ProjectOrb/Content/Assets/SW_S3.uasset" 62
"../../../../../../Users/ceeazy/Documents/Unreal Projects/ProjectOrb/Content/FXVarietyPack/Textures/T_ky_bg_LC.uasset" 63
"../../../../../../Users/ceeazy/Documents/Unreal Projects/ProjectOrb/Content/FXVarietyPack/Materials/M_ky_subUV_dynRGB.uasset" 64
"../../../../../../Users/ceeazy/Documents/Unreal Projects/ProjectOrb/Content/FXVarietyPack/Textures/T_ky_flare25_4x4.uasset" 65
"../../../../../../Users/ceeazy/Documents/Unreal Projects/ProjectOrb/Content/FXVarietyPack/Materials/MI_ky_flare25_4x4.uasset" 66
"../../../Engine/Content/Functions/Engine_MaterialFunctions01/Density/ExponentialDensity.uasset" 67
"../../../Engine/Content/Functions/Engine_MaterialFunctions01/Gradient/RadialGradientExponential.uasset" 68
"../../../Engine/Content/Functions/Engine_MaterialFunctions02/Fresnel_Function.uasset" 69
"../../../../../../Users/ceeazy/Documents/Unreal Projects/ProjectOrb/Content/FXVarietyPack/Textures/T_ky_noise6.uasset" 70
"../../../../../../Users/ceeazy/Documents/Unreal Projects/ProjectOrb/Content/FXVarietyPack/Materials/M_ky_primitive.uasset" 71
"../../../../../../Users/ceeazy/Documents/Unreal Projects/ProjectOrb/Content/FXVarietyPack/Materials/MI_ky_primitive2b_trs.uasset" 72
"../../../../../../Users/ceeazy/Documents/Unreal Projects/ProjectOrb/Content/FXVarietyPack/Particles/P_ky_hit1.uasset" 73
"../../../../../../Users/ceeazy/Documents/Unreal Projects/ProjectOrb/Content/VFX_Toolkit_V1/Textures/Generic/t_NormalSphere_01.uasset" 74
"../../../../../../Users/ceeazy/Documents/Unreal Projects/ProjectOrb/Content/VFX_Toolkit_V1/Materials/356Days/M_CrescentExplosion.uasset" 75
"../../../../../../Users/ceeazy/Documents/Unreal Projects/ProjectOrb/Content/VFX_Toolkit_V1/MatInstances/356Days/MI_CrescentExplosiona.uasset" 76
"../../../../../../Users/ceeazy/Documents/Unreal Projects/ProjectOrb/Content/VFX_Toolkit_V1/MatInstances/356Days/MI_CrescentExplosionb.uasset" 77
"../../../../../../Users/ceeazy/Documents/Unreal Projects/ProjectOrb/Content/VFX_Toolkit_V1/ParticleSystems/356Days/Par_CrescentBoom_OLD.uasset" 78
"../../../../../../Users/ceeazy/Documents/Unreal Projects/ProjectOrb/Content/VFX_Toolkit_V1/Mat_Functions/Luos_EasyRotate.uasset" 79
"../../../../../../Users/ceeazy/Documents/Unreal Projects/ProjectOrb/Content/VFX_Toolkit_V1/Textures/MergedNoise/T_VoltCoreMasks_01.uasset" 80
"../../../../../../Users/ceeazy/Documents/Unreal Projects/ProjectOrb/Content/VFX_Toolkit_V1/Textures/NoiseNormals/T_NoiseNormal_21.uasset" 81
"../../../../../../Users/ceeazy/Documents/Unreal Projects/ProjectOrb/Content/VFX_Toolkit_V1/Textures/NoiseNormals/T_NoiseNormal_81.uasset" 82
"../../../../../../Users/ceeazy/Documents/Unreal Projects/ProjectOrb/Content/VFX_Toolkit_V1/Materials/356Days/M_VoltCoreMain_01.uasset" 83
"../../../../../../Users/ceeazy/Documents/Unreal Projects/ProjectOrb/Content/VFX_Toolkit_V1/MatInstances/356Days/MI_VoltCoreMain_01.uasset" 84
"../../../../../../Users/ceeazy/Documents/Unreal Projects/ProjectOrb/Content/VFX_Toolkit_V1/MatInstances/356Days/MI_VoltCoreMain_01_45.uasset" 85
"../../../../../../Users/ceeazy/Documents/Unreal Projects/ProjectOrb/Content/VFX_Toolkit_V1/StaticMeshes/Rings/SM_VoltCore_01.uasset" 86
"../../../../../../Users/ceeazy/Documents/Unreal Projects/ProjectOrb/Content/VFX_Toolkit_V1/StaticMeshes/Rings/SM_VoltCore_02.uasset" 87
"../../../../../../Users/ceeazy/Documents/Unreal Projects/ProjectOrb/Content/VFX_Toolkit_V1/StaticMeshes/Rings/SM_VoltCore_03.uasset" 88
"../../../../../../Users/ceeazy/Documents/Unreal Projects/ProjectOrb/Content/VFX_Toolkit_V1/StaticMeshes/Rings/SM_VoltCore_04.uasset" 89
"../../../../../../Users/ceeazy/Documents/Unreal Projects/ProjectOrb/Content/VFX_Toolkit_V1/StaticMeshes/Rings/SM_VoltCore_05.uasset" 90
"../../../../../../Users/ceeazy/Documents/Unreal Projects/ProjectOrb/Content/VFX_Toolkit_V1/StaticMeshes/Rings/SM_VoltCore_06.uasset" 91
"../../../../../../Users/ceeazy/Documents/Unreal Projects/ProjectOrb/Content/VFX_Toolkit_V1/StaticMeshes/Rings/SM_VoltCore_07.uasset" 92
"../../../../../../Users/ceeazy/Documents/Unreal Projects/ProjectOrb/Content/VFX_Toolkit_V1/StaticMeshes/Rings/SM_VoltCore_08.uasset" 93
"../../../../../../Users/ceeazy/Documents/Unreal Projects/ProjectOrb/Content/VFX_Toolkit_V1/StaticMeshes/Rings/SM_VoltCore_09.uasset" 94
"../../../../../../Users/ceeazy/Documents/Unreal Projects/ProjectOrb/Content/VFX_Toolkit_V1/StaticMeshes/Rings/SM_VoltCore_10.uasset" 95
"../../../../../../Users/ceeazy/Documents/Unreal Projects/ProjectOrb/Content/VFX_Toolkit_V1/ParticleSystems/356Days/Par_VoltCore_01.uasset" 96
"../../../../../../Users/ceeazy/Documents/Unreal Projects/ProjectOrb/Content/VFX_Toolkit_V1/Textures/Masks/T_WildImpact_Mask_01.uasset" 97
"../../../../../../Users/ceeazy/Documents/Unreal Projects/ProjectOrb/Content/VFX_Toolkit_V1/Textures/MergedSprites/T_WildImpact_01.uasset" 98
"../../../../../../Users/ceeazy/Documents/Unreal Projects/ProjectOrb/Content/VFX_Toolkit_V1/Materials/356Days/M_WildImpact_01.uasset" 99
"../../../../../../Users/ceeazy/Documents/Unreal Projects/ProjectOrb/Content/VFX_Toolkit_V1/Mat_Functions/Luos_alphaErosion.uasset" 100
"../../../../../../Users/ceeazy/Documents/Unreal Projects/ProjectOrb/Content/VFX_Toolkit_V1/Textures/Color/T_WildImpact_Ring_01.uasset" 101
"../../../../../../Users/ceeazy/Documents/Unreal Projects/ProjectOrb/Content/VFX_Toolkit_V1/Textures/Noises/T_Random_02.uasset" 102
"../../../../../../Users/ceeazy/Documents/Unreal Projects/ProjectOrb/Content/VFX_Toolkit_V1/Materials/356Days/M_wildImpactRing_01.uasset" 103
"../../../../../../Users/ceeazy/Documents/Unreal Projects/ProjectOrb/Content/VFX_Toolkit_V1/StaticMeshes/Impact/SM_WildImpact_01.uasset" 104
"../../../../../../Users/ceeazy/Documents/Unreal Projects/ProjectOrb/Content/VFX_Toolkit_V1/ParticleSystems/356Days/Par_WildImpact_Purple.uasset" 105
"../../../../../../Users/ceeazy/Documents/Unreal Projects/ProjectOrb/Content/Blueprint/BP_Player.uasset" 106
"../../../../../../Users/ceeazy/Documents/Unreal Projects/ProjectOrb/Content/Blueprint/BP_PC.uasset" 107
"../../../../../../Users/ceeazy/Documents/Unreal Projects/ProjectOrb/Content/Blueprint/BP_GM.uasset" 108
"../../../../../../Users/ceeazy/Documents/Unreal Projects/ProjectOrb/Content/Blueprint/BTS_GetPlayerLocation.uasset" 109
"../../../../../../Users/ceeazy/Documents/Unreal Projects/ProjectOrb/Content/Blueprint/BTS_BoolSwitch.uasset" 110
"../../../../../../Users/ceeazy/Documents/Unreal Projects/ProjectOrb/Content/Blueprint/BTS_OrbHomingHelper.uasset" 111
"../../../../../../Users/ceeazy/Documents/Unreal Projects/ProjectOrb/Content/Blueprint/BTT_LookForPlayer.uasset" 112
"../../../../../../Users/ceeazy/Documents/Unreal Projects/ProjectOrb/Content/VFX_Toolkit_V1/ParticleSystems/356Days/Par_WildImpact_01.uasset" 113
"../../../../../../Users/ceeazy/Documents/Unreal Projects/ProjectOrb/Content/VFX_Toolkit_V1/StaticMeshes/Beams/SM_TriBlasterRay_01.uasset" 114
"../../../Engine/Content/Animation/DefaultAnimCurveCompressionSettings.uasset" 115
"../../../Engine/Content/ArtTools/RenderToTexture/Meshes/S_1_Unit_Plane.uasset" 116
"../../../Engine/Content/EngineMaterials/DefaultMaterial.uasset" 117
"../../../Engine/Content/BasicShapes/Cone.uasset" 118
"../../../Engine/Content/BasicShapes/Cylinder.uasset" 119
"../../../Engine/Content/BasicShapes/Plane.uasset" 120
"../../../Engine/Content/BasicShapes/Sphere.uasset" 121
"../../../Engine/Content/EditorLandscapeResources/DataLayer.uasset" 122
"../../../Engine/Content/EditorMaterials/GizmoMaterial.uasset" 123
"../../../Engine/Content/EditorMaterials/MAT_Groups_Toggle.uasset" 124
"../../../Engine/Content/EditorMaterials/MAT_Groups_Visibility.uasset" 125
"../../../Engine/Content/EditorMaterials/PreviewShadowIndicator.uasset" 126
"../../../Engine/Content/EditorMaterials/PreviewShadowIndicatorMaterial.uasset" 127
"../../../Engine/Content/EditorMaterials/MatineeGroups/MAT_ColorTrack.uasset" 128
"../../../Engine/Content/EditorMaterials/MatineeGroups/MAT_Groups_Anim.uasset" 129
"../../../Engine/Content/EditorMaterials/MatineeGroups/MAT_Groups_AudioMaster.uasset" 130
"../../../Engine/Content/EditorMaterials/MatineeGroups/MAT_Groups_Director.uasset" 131
"../../../Engine/Content/EditorMaterials/MatineeGroups/MAT_Groups_Event.uasset" 132
"../../../Engine/Content/EditorMaterials/MatineeGroups/MAT_Groups_Fade.uasset" 133
"../../../Engine/Content/EditorMaterials/MatineeGroups/MAT_Groups_Float.uasset" 134
"../../../Engine/Content/EditorMaterials/MatineeGroups/MAT_Groups_Move.uasset" 135
"../../../Engine/Content/EditorMaterials/MatineeGroups/MAT_Groups_Slomo.uasset" 136
"../../../Engine/Content/EditorMaterials/MatineeGroups/MAT_Groups_Sound.uasset" 137
"../../../Engine/Content/EditorMaterials/MatineeGroups/MAT_Groups_Vector.uasset" 138
"../../../Engine/Content/EditorMaterials/ParticleSystems/PSysThumbnail_NoImage.uasset" 139
"../../../Engine/Content/EditorMaterials/ParticleSystems/PSysThumbnail_OOD.uasset" 140
"../../../Engine/Content/EditorMaterials/Camera/CineMat.uasset" 141
"../../../Engine/Content/EditorMaterials/Camera/MI_CineMat_Rig.uasset" 142
"../../../Engine/Content/EditorMeshes/Camera/SM_CraneRig_Arm.uasset" 143
"../../../Engine/Content/EditorMeshes/Camera/SM_CraneRig_Base.uasset" 144
"../../../Engine/Content/EditorMeshes/Camera/SM_CraneRig_Body.uasset" 145
"../../../Engine/Content/EditorMeshes/Camera/SM_CraneRig_Mount.uasset" 146
"../../../Engine/Content/EditorMeshes/Camera/SM_RailRig_Mount.uasset" 147
"../../../Engine/Content/EditorMeshes/Camera/SM_RailRig_Track.uasset" 148
"../../../Engine/Content/EditorResources/BSPVertex.uasset" 149
"../../../Engine/Content/EditorResources/EmptyActor.uasset" 150
"../../../Engine/Content/EditorResources/S_Actor.uasset" 151
"../../../Engine/Content/EditorResources/S_Note.uasset" 152
"../../../Engine/Content/EditorResources/S_Trigger.uasset" 153
"../../../Engine/Content/EditorResources/AudioIcons/S_AudioComponent_AutoActivate.uasset" 154
"../../../Engine/Content/EditorResources/LightIcons/S_LightError.uasset" 155
"../../../Engine/Content/EditorResources/SequenceRecorder/Countdown.uasset" 156
"../../../Engine/Content/EditorResources/SequenceRecorder/RecordingIndicator.uasset" 157
"../../../Engine/Content/EditorSounds/Notifications/CompileFailed.uasset" 158
"../../../Engine/Content/EditorSounds/Notifications/CompileFailed_Cue.uasset" 159
"../../../Engine/Content/EditorSounds/Notifications/CompileSuccess.uasset" 160
"../../../Engine/Content/EditorSounds/Notifications/CompileStart_Cue.uasset" 161
"../../../Engine/Content/EditorSounds/Notifications/CompileSuccess_Cue.uasset" 162
"../../../Engine/Content/EngineDamageTypes/DmgTypeBP_Environmental.uasset" 163
"../../../Engine/Content/EngineDebugMaterials/HeatmapGradient.uasset" 164
"../../../Engine/Content/EngineDebugMaterials/BoneWeightMaterial.uasset" 165
"../../../Engine/Content/EngineDebugMaterials/ClothMaterial.uasset" 166
"../../../Engine/Content/EngineDebugMaterials/ClothMaterial_WF.uasset" 167
"../../../Engine/Content/EngineDebugMaterials/DebugEditorMaterial.uasset" 168
"../../../Engine/Content/EngineDebugMaterials/DebugMeshMaterial.uasset" 169
"../../../Engine/Content/EngineDebugMaterials/GeomMaterial.uasset" 170
"../../../Engine/Content/EngineDebugMaterials/M_SimpleTranslucent.uasset" 171
"../../../Engine/Content/EngineFonts/Faces/RobotoBold.uasset" 172
"../../../Engine/Content/EngineFonts/Faces/RobotoBoldItalic.uasset" 173
"../../../Engine/Content/EngineFonts/Faces/RobotoItalic.uasset" 174
"../../../Engine/Content/EngineFonts/Faces/RobotoLight.uasset" 175
"../../../Engine/Content/EngineFonts/Faces/RobotoRegular.uasset" 176
"../../../Engine/Content/EngineFonts/Roboto.uasset" 177
"../../../Engine/Content/EngineFonts/Faces/RobotoTiny.uasset" 178
"../../../Engine/Content/EngineFonts/RobotoTiny.uasset" 179
"../../../Engine/Content/EngineMaterials/BaseFlattenDiffuseMap.uasset" 180
"../../../Engine/Content/EngineMaterials/BaseFlattenEmissiveMap.uasset" 181
"../../../Engine/Content/EngineMaterials/BaseFlattenGrayscaleMap.uasset" 182
"../../../Engine/Content/EngineMaterials/BaseFlattenNormalMap.uasset" 183
"../../../Engine/Content/EngineMaterials/BaseFlattenMaterial.uasset" 184
"../../../Engine/Content/EngineMaterials/DefaultBloomKernel.uasset" 185
"../../../Engine/Content/EngineMaterials/DefaultBokeh.uasset" 186
"../../../Engine/Content/EngineMaterials/DefaultDeferredDecalMaterial.uasset" 187
"../../../Engine/Content/EngineMaterials/DefaultLightFunctionMaterial.uasset" 188
"../../../Engine/Content/EngineMaterials/DefaultPhysicalMaterial.uasset" 189
"../../../Engine/Content/EngineMaterials/DefaultPostProcessMaterial.uasset" 190
"../../../Engine/Content/EngineFonts/RobotoDistanceField.uasset" 191
"../../../Engine/Content/EngineMaterials/DefaultTextMaterialOpaque.uasset" 192
"../../../Engine/Content/EngineMaterials/DefaultWhiteGrid.uasset" 193
"../../../Engine/Content/EngineMaterials/EditorBrushMaterial.uasset" 194
"../../../Engine/Content/EngineMaterials/Good64x64TilingNoiseHighFreq.uasset" 195
"../../../Engine/Content/EngineMaterials/MiniFont.uasset" 196
"../../../Engine/Content/EngineMaterials/InvalidLightmapSettings.uasset" 197
"../../../Engine/Content/EngineMaterials/M_InvalidLightmapSettings.uasset" 198
"../../../Engine/Content/Functions/Engine_MaterialFunctions02/WorldPositionOffset/CameraOffset.uasset" 199
"../../../Engine/Content/EngineMaterials/PhAT_JointLimitMaterial.uasset" 200
"../../../Engine/Content/EngineMaterials/PreintegratedSkinBRDF.uasset" 201
"../../../Engine/Content/EngineMaterials/RemoveSurfaceMaterial.uasset" 202
"../../../Engine/Content/EngineMaterials/WeightMapPlaceholderTexture.uasset" 203
"../../../Engine/Content/EngineResources/WhiteSquareTexture.uasset" 204
"../../../Engine/Content/EngineMaterials/Widget3DPassThrough.uasset" 205
"../../../Engine/Content/EngineMaterials/Widget3DPassThrough_Masked.uasset" 206
"../../../Engine/Content/EngineMaterials/Widget3DPassThrough_Opaque.uasset" 207
"../../../Engine/Content/EngineMaterials/Widget3DPassThrough_Masked_OneSided.uasset" 208
"../../../Engine/Content/EngineMaterials/Widget3DPassThrough_Opaque_OneSided.uasset" 209
"../../../Engine/Content/EngineMaterials/Widget3DPassThrough_Translucent.uasset" 210
"../../../Engine/Content/EngineMaterials/Widget3DPassThrough_Translucent_OneSided.uasset" 211
"../../../Engine/Content/EngineMeshes/Cylinder.uasset" 212
"../../../Engine/Content/EngineMeshes/Sphere.uasset" 213
"../../../Engine/Content/EngineResources/Black.uasset" 214
"../../../Engine/Content/EngineResources/DefaultTexture.uasset" 215
"../../../Engine/Content/EngineResources/DefaultTextureCube.uasset" 216
"../../../Engine/Content/EngineResources/DefaultVolumeTexture2D.uasset" 217
"../../../Engine/Content/EngineResources/DefaultVolumeTexture.uasset" 218
"../../../Engine/Content/EngineResources/GradientTexture0.uasset" 219
"../../../Engine/Content/EngineSounds/Master.uasset" 220
"../../../Engine/Content/Functions/Engine_MaterialFunctions01/Shading/ConvertFromDiffSpec.uasset" 221
"../../../Engine/Content/Functions/Engine_MaterialFunctions01/Shading/PowerToRoughness.uasset" 222
"../../../Engine/Content/Maps/Templates/Thumbnails/Default.uasset" 223
"../../../Engine/Content/Maps/Templates/Thumbnails/VR-Basic.uasset" 224
"../../../Engine/Content/MobileResources/T_MobileControls_texture.uasset" 225
"../../../Engine/Content/MobileResources/T_MobileMenu2.uasset" 226
"../../../Engine/Content/MobileResources/HUD/AnalogHat.uasset" 227
"../../../Engine/Content/MobileResources/HUD/VirtualJoystick_Background.uasset" 228
"../../../Engine/Content/MobileResources/HUD/VirtualJoystick_Thumb.uasset" 229
"../../../Engine/Content/MobileResources/HUD/DefaultVirtualJoysticks.uasset" 230
"../../../Engine/Content/MobileResources/HUD/LeftVirtualJoystickOnly.uasset" 231
"../../../Engine/Content/MobileResources/HUD/MobileHUDButton1_off.uasset" 232
"../../../Engine/Content/MobileResources/HUD/MobileHUDButton1_on.uasset" 233
"../../../Engine/Content/MobileResources/HUD/MobileHUDButton2_off.uasset" 234
"../../../Engine/Content/MobileResources/HUD/MobileHUDButton2_on.uasset" 235
"../../../Engine/Content/MobileResources/HUD/MobileHUDButton3.uasset" 236
"../../../Engine/Content/MobileResources/HUD/MobileHUDButtonFire.uasset" 237
"../../../Engine/Content/MobileResources/HUD/MobileHUDDirectionPad.uasset" 238
"../../../Engine/Content/MobileResources/HUD/MobileHUDDirectionPad2.uasset" 239
"../../../Engine/Content/MobileResources/HUD/MobileHUDDirectionPad3.uasset" 240
"../../../Engine/Content/MobileResources/HUD/MobileHUDDirectionStick.uasset" 241
"../../../Engine/Content/MobileResources/HUD/T_Castle_ThumbstickInner.uasset" 242
"../../../Engine/Content/MobileResources/HUD/T_Castle_ThumbstickOutter.uasset" 243
"../../../Engine/Content/Tutorial/ContentIntroCurve.uasset" 244
"../../../Engine/Content/Tutorial/Basics/LevelEditorAttract.uasset" 245
"../../../Engine/Content/Tutorial/Basics/TutorialAssets/icon_tab_Levels_40x.uasset" 246
"../../../Engine/Content/Tutorial/Basics/LevelEditorOverview.uasset" 247
"../../../Engine/Content/Tutorial/BlueprintTutorials/TutorialAssets/Blueprint_64x.uasset" 248
"../../../Engine/Content/Tutorial/BlueprintTutorials/BlueprintEditorTutorial.uasset" 249
"../../../Engine/Content/Tutorial/BlueprintTutorials/LevelBlueprintEditorOverview.uasset" 250
"../../../Engine/Content/Tutorial/Foliage/TutorialAssets/Foliage.uasset" 251
"../../../Engine/Content/Tutorial/Foliage/Foliage_Intro_Tutorial.uasset" 252
"../../../Engine/Content/Tutorial/Foliage/Foliage_Settings_Tutorial.uasset" 253
"../../../Engine/Content/Tutorial/Foliage/Foliage_Using_The_Tool_Tutorial.uasset" 254
"../../../Engine/Content/Tutorial/SubEditors/GettingSubstance.uasset" 255
"../../../Engine/Content/VREditor/LaserPointer/VR_LaserPower_01.uasset" 256
"../../../Engine/Content/VREditor/TransformGizmo/TransformGizmoMaterial.uasset" 257
"../../../Engine/Content/VREditor/TransformGizmo/TranslucentTransformGizmoMaterial.uasset" 258
"../../../Engine/Content/VREditor/TransformGizmo/BoundingBoxCorner.uasset" 259
"../../../Engine/Content/VREditor/TransformGizmo/BoundingBoxEdge.uasset" 260
"../../../Engine/Content/VREditor/TransformGizmo/PlaneTranslationHandle.uasset" 261
"../../../Engine/Content/VREditor/TransformGizmo/Main.uasset" 262
"../../../Engine/Content/VREditor/TransformGizmo/Xray.uasset" 263
"../../../Engine/Content/VREditor/TransformGizmo/SM_Sequencer_Key.uasset" 264
"../../../Engine/Content/VREditor/TransformGizmo/SM_Sequencer_Node.uasset" 265
"../../Plugins/2D/Paper2D/Content/PlaceholderTextures/DummySpriteTexture.uasset" 266
"../../Plugins/2D/Paper2D/Content/DummySprite.uasset" 267
"../../Plugins/2D/Paper2D/Content/DefaultPaperTerrainMaterial.uasset" 268
"../../Plugins/2D/Paper2D/Content/DummySpriteTexture.uasset" 269
"../../Plugins/2D/Paper2D/Content/DefaultSpriteMaterial.uasset" 270
"../../Plugins/2D/Paper2D/Content/MaskedUnlitSpriteMaterial.uasset" 271
"../../Plugins/2D/Paper2D/Content/OpaqueUnlitSpriteMaterial.uasset" 272
"../../Plugins/Marketplace/DonAINavigation/Content/Icons/Navigation_Volumer_Aerial.uasset" 273
"../../Plugins/Runtime/Oculus/OculusVR/Content/OculusMR_RenderTarget.uasset" 274
"../../../Engine/Content/Functions/Engine_MaterialFunctions02/Utility/BreakOutFloat4Components.uasset" 275
"../../../Engine/Content/Functions/Engine_MaterialFunctions02/Utility/MakeFloat2.uasset" 276
"../../../Engine/Content/Functions/Engine_MaterialFunctions02/Utility/MakeFloat3.uasset" 277
"../../Plugins/Runtime/Oculus/OculusVR/Content/Materials/OculusMR_ChromaKey.uasset" 278
"../../Plugins/Runtime/Oculus/OculusVR/Content/Materials/OculusMR_ChromaKey_Lit.uasset" 279
"../../Plugins/Runtime/Oculus/OculusVR/Content/Materials/OculusMR_OpaqueColoredMaterial.uasset" 280
"../../Plugins/Runtime/Oculus/OculusVR/Content/Materials/OculusMR_WhiteMaterial.uasset" 281
"../../Plugins/Runtime/Oculus/OculusVR/Content/Materials/PokeAHoleMaterial.uasset" 282
"../../Plugins/Runtime/Oculus/OculusVR/Content/Textures/GearVRController_AO.uasset" 283
"../../Plugins/Runtime/Oculus/OculusVR/Content/Textures/GearVRController_Color.uasset" 284
"../../Plugins/Runtime/Oculus/OculusVR/Content/Textures/GearVRController_Normal.uasset" 285
"../../Plugins/Runtime/Oculus/OculusVR/Content/Materials/GearVRControllerMaterial.uasset" 286
"../../Plugins/Runtime/Oculus/OculusVR/Content/Meshes/GearVrController.uasset" 287
"../../Plugins/Runtime/Oculus/OculusVR/Content/Textures/touchController_albedo.uasset" 288
"../../Plugins/Runtime/Oculus/OculusVR/Content/Textures/touchController_controlmap.uasset" 289
"../../Plugins/Runtime/Oculus/OculusVR/Content/Materials/touchController_mat.uasset" 290
"../../Plugins/Runtime/Oculus/OculusVR/Content/Meshes/LeftTouchController.uasset" 291
"../../Plugins/Runtime/Oculus/OculusVR/Content/Meshes/RiftHMD.uasset" 292
"../../Plugins/Runtime/Oculus/OculusVR/Content/Meshes/RightTouchController.uasset" 293
"../../../../../../Users/ceeazy/Documents/Unreal Projects/ProjectOrb/Content/M_Main_BuiltData.uasset" 294
"../../../../../../Users/ceeazy/Documents/Unreal Projects/ProjectOrb/Content/Assets/M_BrightWhite.uasset" 295
"../../../Engine/Content/MapTemplates/SM_Template_Map_Floor.uasset" 296
"../../../../../../Users/ceeazy/Documents/Unreal Projects/ProjectOrb/Content/M_Main.umap" 297
"../../../Engine/Content/Maps/Entry_BuiltData.uasset" 298
"../../../Engine/Content/Maps/Entry.umap" 299
